#
# A fatal error has been detected by the Java Runtime Environment:
#
#  EXCEPTION_ACCESS_VIOLATION (0xc0000005) at pc=0x76f1cff6, pid=2156, tid=0x000007ac
#
# JRE version: Java(TM) SE Runtime Environment (8.0_151-b12) (build 1.8.0_151-b12)
# Java VM: Java HotSpot(TM) Client VM (25.151-b12 mixed mode windows-x86 )
# Problematic frame:
# C  [ntdll.dll+0x2cff6]
#
# Failed to write core dump. Minidumps are not enabled by default on client versions of Windows
#
# If you would like to submit a bug report, please visit:
#   http://bugreport.java.com/bugreport/crash.jsp
# The crash happened outside the Java Virtual Machine in native code.
# See problematic frame for where to report the bug.
#

---------------  T H R E A D  ---------------

Current thread (0x04e7bc00):  JavaThread "main" [_thread_in_native, id=1964, stack(0x03350000,0x033a0000)]

siginfo: ExceptionCode=0xc0000005, writing address 0x00000014

Registers:
EAX=0x00000000, EBX=0xffffff00, ECX=0x0349b9b4, EDX=0xffffffff
ESP=0x0339f2f8, EBP=0x0339f320, ESI=0x0349b9a4, EDI=0x00000000
EIP=0x76f1cff6, EFLAGS=0x00010213

Top of Stack: (sp=0x0339f2f8)
0x0339f2f8:   00000000 0349b9a8 fffffffa 00e88000
0x0339f308:   0339f290 ffffff00 00000000 00000000
0x0339f318:   00000000 fffffffa 0339f340 76f3a3aa
0x0339f328:   0339f378 0349b9a0 04e7bd40 0349b9a4
0x0339f338:   00000000 01000000 0339f34c 76f3a279
0x0339f348:   0339f39c 0339f360 655dc00f 0349b9a4
0x0339f358:   175a4c28 0d356294 0339f384 655ceafd
0x0339f368:   0349b9a4 00000000 175a4c28 175a4c28 

Instructions: (pc=0x76f1cff6)
0x76f1cfd6:   7e 10 00 89 45 f4 0f 84 8b 00 00 00 83 3e ff 0f
0x76f1cfe6:   84 8e 00 00 00 83 65 f0 00 8b 06 83 f8 ff 74 03
0x76f1cff6:   ff 40 14 8b 7e 10 8b 5d f4 89 7d e8 e8 79 2a 01
0x76f1d006:   00 85 c0 0f 85 76 2e 06 00 b8 82 03 fe 7f 80 38 


Register to memory mapping:

EAX=0x00000000 is an unknown value
EBX=0xffffff00 is an unknown value
ECX=0x0349b9b4 is an unknown value
EDX=0xffffffff is an unknown value
ESP=0x0339f2f8 is pointing into the stack for thread: 0x04e7bc00
EBP=0x0339f320 is pointing into the stack for thread: 0x04e7bc00
ESI=0x0349b9a4 is an unknown value
EDI=0x00000000 is an unknown value


Stack: [0x03350000,0x033a0000],  sp=0x0339f2f8,  free space=316k
Native frames: (J=compiled Java code, j=interpreted, Vv=VM code, C=native code)
C  [ntdll.dll+0x2cff6]
C  [ntdll.dll+0x4a3aa]
C  [ntdll.dll+0x4a279]
C  0x655dc00f
C  0x655ceafd
C  [awt.dll+0x18c48]

Java frames: (J=compiled Java code, j=interpreted, Vv=VM code)
j  sun.java2d.d3d.D3DSurfaceData.initOps(III)V+0
j  sun.java2d.d3d.D3DSurfaceData.<init>(Lsun/awt/windows/WComponentPeer;Lsun/java2d/d3d/D3DGraphicsConfig;IILjava/awt/Image;Ljava/awt/image/ColorModel;IILsun/java2d/pipe/hw/ExtendedBufferCapabilities$VSyncType;I)V+76
j  sun.java2d.d3d.D3DSurfaceData.createData(Lsun/awt/windows/WComponentPeer;Ljava/awt/Image;)Lsun/java2d/d3d/D3DSurfaceData;+117
j  sun.java2d.d3d.D3DVolatileSurfaceManager.initAcceleratedSurface()Lsun/java2d/SurfaceData;+59
j  sun.awt.image.VolatileSurfaceManager.validate(Ljava/awt/GraphicsConfiguration;)I+41
j  sun.awt.image.SunVolatileImage.validate(Ljava/awt/GraphicsConfiguration;)I+5
j  java.awt.Component$FlipBufferStrategy.revalidate(Z)V+82
j  java.awt.Component$FlipBufferStrategy.revalidate()V+2
j  java.awt.Component$FlipBufferStrategy.getDrawGraphics()Ljava/awt/Graphics;+1
j  display.Frame.render()V+17
J 222% C1 launcher.Main.main([Ljava/lang/String;)V (69 bytes) @ 0x04fb6288 [0x04fb6100+0x188]
v  ~StubRoutines::call_stub

---------------  P R O C E S S  ---------------

Java Threads: ( => current thread )
  0x1801fc00 JavaThread "Thread-0" daemon [_thread_in_native, id=2132, stack(0x1f060000,0x1f0b0000)]
  0x17f06000 JavaThread "AWT-EventQueue-0" [_thread_blocked, id=11908, stack(0x1cf30000,0x1cf80000)]
  0x175a5800 JavaThread "AWT-Shutdown" [_thread_blocked, id=7880, stack(0x17df0000,0x17e40000)]
  0x17573c00 JavaThread "Java2D Disposer" daemon [_thread_blocked, id=824, stack(0x17d60000,0x17db0000)]
  0x1748cc00 JavaThread "Service Thread" daemon [_thread_blocked, id=9896, stack(0x17b20000,0x17b70000)]
  0x17483c00 JavaThread "C1 CompilerThread0" daemon [_thread_blocked, id=3968, stack(0x17a90000,0x17ae0000)]
  0x17482c00 JavaThread "Attach Listener" daemon [_thread_blocked, id=11440, stack(0x17a00000,0x17a50000)]
  0x1748d400 JavaThread "Signal Dispatcher" daemon [_thread_blocked, id=6104, stack(0x17970000,0x179c0000)]
  0x1747a000 JavaThread "Finalizer" daemon [_thread_blocked, id=2436, stack(0x17730000,0x17780000)]
  0x17464400 JavaThread "Reference Handler" daemon [_thread_blocked, id=2284, stack(0x176a0000,0x176f0000)]
=>0x04e7bc00 JavaThread "main" [_thread_in_native, id=1964, stack(0x03350000,0x033a0000)]

Other Threads:
  0x04dfc400 VMThread [stack: 0x06f90000,0x06fe0000] [id=1888]
  0x174bac00 WatcherThread [stack: 0x17cd0000,0x17d20000] [id=5048]

VM state:not at safepoint (normal execution)

VM Mutex/Monitor currently owned by a thread: None

Heap:
 def new generation   total 32640K, used 11622K [0x07000000, 0x09360000, 0x0c550000)
  eden space 29056K,  36% used [0x07000000, 0x07a38820, 0x08c60000)
  from space 3584K,  32% used [0x08c60000, 0x08d81040, 0x08fe0000)
  to   space 3584K,   0% used [0x08fe0000, 0x08fe0000, 0x09360000)
 tenured generation   total 72408K, used 43442K [0x0c550000, 0x10c06000, 0x17000000)
   the space 72408K,  59% used [0x0c550000, 0x0efbcb88, 0x0efbcc00, 0x10c06000)
 Metaspace       used 5803K, capacity 6000K, committed 6144K, reserved 6528K

Card table byte_map: [0x06ec0000,0x06f50000] byte_map_base: 0x06e88000

Polling page: 0x01140000

CodeCache: size=32768Kb used=1377Kb max_used=1377Kb free=31390Kb
 bounds [0x04ec0000, 0x05020000, 0x06ec0000]
 total_blobs=763 nmethods=538 adapters=156
 compilation: enabled

Compilation events (10 events):
Event: 4.083 Thread 0x17483c00  535             sun.java2d.SunGraphics2D::setColor (108 bytes)
Event: 4.083 Thread 0x17483c00 nmethod 535 0x05017a48 code [0x05017b60, 0x05017ce8]
Event: 4.100 Thread 0x17483c00  536             sun.java2d.SunGraphics2D::validatePipe (29 bytes)
Event: 4.100 Thread 0x17483c00 nmethod 536 0x05017d88 code [0x05017ea0, 0x05017fb8]
Event: 4.116 Thread 0x17483c00  537             sun.java2d.pipe.ValidatePipe::validate (6 bytes)
Event: 4.116 Thread 0x17483c00 nmethod 537 0x05018088 code [0x050181a0, 0x050182b8]
Event: 4.132 Thread 0x17483c00  538             sun.awt.SunHints$Key::isCompatibleValue (18 bytes)
Event: 4.132 Thread 0x17483c00 nmethod 538 0x050183c8 code [0x050184c0, 0x050185c0]
Event: 4.132 Thread 0x17483c00  539             sun.awt.SunHints$Value::isCompatibleKey (14 bytes)
Event: 4.132 Thread 0x17483c00 nmethod 539 0x05018648 code [0x05018740, 0x050187d0]

GC Heap History (10 events):
Event: 0.438 GC heap before
{Heap before GC invocations=10 (full 2):
 def new generation   total 16128K, used 16083K [0x07000000, 0x08180000, 0x0c550000)
  eden space 14336K, 100% used [0x07000000, 0x07e00000, 0x07e00000)
  from space 1792K,  97% used [0x07fc0000, 0x08174ce0, 0x08180000)
  to   space 1792K,   0% used [0x07e00000, 0x07e00000, 0x07fc0000)
 tenured generation   total 35820K, used 29824K [0x0c550000, 0x0e84b000, 0x17000000)
   the space 35820K,  83% used [0x0c550000, 0x0e2701d0, 0x0e270200, 0x0e84b000)
 Metaspace       used 3795K, capacity 3942K, committed 4032K, reserved 4480K
Event: 0.440 GC heap after
Heap after GC invocations=11 (full 2):
 def new generation   total 16128K, used 1765K [0x07000000, 0x08180000, 0x0c550000)
  eden space 14336K,   0% used [0x07000000, 0x07000000, 0x07e00000)
  from space 1792K,  98% used [0x07e00000, 0x07fb97b8, 0x07fc0000)
  to   space 1792K,   0% used [0x07fc0000, 0x07fc0000, 0x08180000)
 tenured generation   total 35820K, used 32161K [0x0c550000, 0x0e84b000, 0x17000000)
   the space 35820K,  89% used [0x0c550000, 0x0e4b8630, 0x0e4b8800, 0x0e84b000)
 Metaspace       used 3795K, capacity 3942K, committed 4032K, reserved 4480K
}
Event: 0.460 GC heap before
{Heap before GC invocations=11 (full 2):
 def new generation   total 16128K, used 16101K [0x07000000, 0x08180000, 0x0c550000)
  eden space 14336K, 100% used [0x07000000, 0x07e00000, 0x07e00000)
  from space 1792K,  98% used [0x07e00000, 0x07fb97b8, 0x07fc0000)
  to   space 1792K,   0% used [0x07fc0000, 0x07fc0000, 0x08180000)
 tenured generation   total 35820K, used 32161K [0x0c550000, 0x0e84b000, 0x17000000)
   the space 35820K,  89% used [0x0c550000, 0x0e4b8630, 0x0e4b8800, 0x0e84b000)
 Metaspace       used 3795K, capacity 3942K, committed 4032K, reserved 4480K
Event: 0.462 GC heap after
Heap after GC invocations=12 (full 2):
 def new generation   total 16128K, used 1792K [0x07000000, 0x08180000, 0x0c550000)
  eden space 14336K,   0% used [0x07000000, 0x07000000, 0x07e00000)
  from space 1792K, 100% used [0x07fc0000, 0x08180000, 0x08180000)
  to   space 1792K,   0% used [0x07e00000, 0x07e00000, 0x07fc0000)
 tenured generation   total 35820K, used 34460K [0x0c550000, 0x0e84b000, 0x17000000)
   the space 35820K,  96% used [0x0c550000, 0x0e6f7230, 0x0e6f7400, 0x0e84b000)
 Metaspace       used 3795K, capacity 3942K, committed 4032K, reserved 4480K
}
Event: 0.666 GC heap before
{Heap before GC invocations=12 (full 2):
 def new generation   total 16128K, used 16128K [0x07000000, 0x08180000, 0x0c550000)
  eden space 14336K, 100% used [0x07000000, 0x07e00000, 0x07e00000)
  from space 1792K, 100% used [0x07fc0000, 0x08180000, 0x08180000)
  to   space 1792K,   0% used [0x07e00000, 0x07e00000, 0x07fc0000)
 tenured generation   total 35820K, used 34460K [0x0c550000, 0x0e84b000, 0x17000000)
   the space 35820K,  96% used [0x0c550000, 0x0e6f7230, 0x0e6f7400, 0x0e84b000)
 Metaspace       used 5715K, capacity 5904K, committed 6016K, reserved 6528K
Event: 0.687 GC heap after
Heap after GC invocations=13 (full 3):
 def new generation   total 32640K, used 331K [0x07000000, 0x09360000, 0x0c550000)
  eden space 29056K,   1% used [0x07000000, 0x07052de8, 0x08c60000)
  from space 3584K,   0% used [0x08c60000, 0x08c60000, 0x08fe0000)
  to   space 3584K,   0% used [0x08fe0000, 0x08fe0000, 0x09360000)
 tenured generation   total 72408K, used 43442K [0x0c550000, 0x10c06000, 0x17000000)
   the space 72408K,  59% used [0x0c550000, 0x0efbcb88, 0x0efbcc00, 0x10c06000)
 Metaspace       used 5715K, capacity 5904K, committed 6016K, reserved 6528K
}
Event: 1.968 GC heap before
{Heap before GC invocations=13 (full 3):
 def new generation   total 32640K, used 29056K [0x07000000, 0x09360000, 0x0c550000)
  eden space 29056K, 100% used [0x07000000, 0x08c60000, 0x08c60000)
  from space 3584K,   0% used [0x08c60000, 0x08c60000, 0x08fe0000)
  to   space 3584K,   0% used [0x08fe0000, 0x08fe0000, 0x09360000)
 tenured generation   total 72408K, used 43442K [0x0c550000, 0x10c06000, 0x17000000)
   the space 72408K,  59% used [0x0c550000, 0x0efbcb88, 0x0efbcc00, 0x10c06000)
 Metaspace       used 5785K, capacity 5968K, committed 6016K, reserved 6528K
Event: 1.972 GC heap after
Heap after GC invocations=14 (full 3):
 def new generation   total 32640K, used 1099K [0x07000000, 0x09360000, 0x0c550000)
  eden space 29056K,   0% used [0x07000000, 0x07000000, 0x08c60000)
  from space 3584K,  30% used [0x08fe0000, 0x090f2e40, 0x09360000)
  to   space 3584K,   0% used [0x08c60000, 0x08c60000, 0x08fe0000)
 tenured generation   total 72408K, used 43442K [0x0c550000, 0x10c06000, 0x17000000)
   the space 72408K,  59% used [0x0c550000, 0x0efbcb88, 0x0efbcc00, 0x10c06000)
 Metaspace       used 5785K, capacity 5968K, committed 6016K, reserved 6528K
}
Event: 3.755 GC heap before
{Heap before GC invocations=14 (full 3):
 def new generation   total 32640K, used 30155K [0x07000000, 0x09360000, 0x0c550000)
  eden space 29056K, 100% used [0x07000000, 0x08c60000, 0x08c60000)
  from space 3584K,  30% used [0x08fe0000, 0x090f2e40, 0x09360000)
  to   space 3584K,   0% used [0x08c60000, 0x08c60000, 0x08fe0000)
 tenured generation   total 72408K, used 43442K [0x0c550000, 0x10c06000, 0x17000000)
   the space 72408K,  59% used [0x0c550000, 0x0efbcb88, 0x0efbcc00, 0x10c06000)
 Metaspace       used 5801K, capacity 5968K, committed 6016K, reserved 6528K
Event: 3.756 GC heap after
Heap after GC invocations=15 (full 3):
 def new generation   total 32640K, used 1156K [0x07000000, 0x09360000, 0x0c550000)
  eden space 29056K,   0% used [0x07000000, 0x07000000, 0x08c60000)
  from space 3584K,  32% used [0x08c60000, 0x08d81040, 0x08fe0000)
  to   space 3584K,   0% used [0x08fe0000, 0x08fe0000, 0x09360000)
 tenured generation   total 72408K, used 43442K [0x0c550000, 0x10c06000, 0x17000000)
   the space 72408K,  59% used [0x0c550000, 0x0efbcb88, 0x0efbcc00, 0x10c06000)
 Metaspace       used 5801K, capacity 5968K, committed 6016K, reserved 6528K
}

Deoptimization events (0 events):
No events

Internal exceptions (10 events):
Event: 0.019 Thread 0x04e7bc00 Exception <a 'java/lang/NoSuchMethodError': Method sun.misc.Unsafe.prefetchRead(Ljava/lang/Object;J)V name or signature does not match> (0x07007168) thrown at [C:\workspace\8-2-build-windows-i586-cygwin\jdk8u151\9699\hotspot\src\share\vm\prims\jni.cpp, li
Event: 0.042 Thread 0x04e7bc00 Exception <a 'java/io/FileNotFoundException'> (0x07053038) thrown at [C:\workspace\8-2-build-windows-i586-cygwin\jdk8u151\9699\hotspot\src\share\vm\prims\jni.cpp, line 709]
Event: 0.214 Thread 0x04e7bc00 Exception <a 'java/security/PrivilegedActionException'> (0x072cdb40) thrown at [C:\workspace\8-2-build-windows-i586-cygwin\jdk8u151\9699\hotspot\src\share\vm\prims\jvm.cpp, line 1390]
Event: 0.214 Thread 0x04e7bc00 Exception <a 'java/security/PrivilegedActionException'> (0x072cdf20) thrown at [C:\workspace\8-2-build-windows-i586-cygwin\jdk8u151\9699\hotspot\src\share\vm\prims\jvm.cpp, line 1390]
Event: 0.215 Thread 0x04e7bc00 Exception <a 'java/security/PrivilegedActionException'> (0x072d1f38) thrown at [C:\workspace\8-2-build-windows-i586-cygwin\jdk8u151\9699\hotspot\src\share\vm\prims\jvm.cpp, line 1390]
Event: 0.215 Thread 0x04e7bc00 Exception <a 'java/security/PrivilegedActionException'> (0x072d2318) thrown at [C:\workspace\8-2-build-windows-i586-cygwin\jdk8u151\9699\hotspot\src\share\vm\prims\jvm.cpp, line 1390]
Event: 0.216 Thread 0x04e7bc00 Exception <a 'java/io/FileNotFoundException'> (0x072d4880) thrown at [C:\workspace\8-2-build-windows-i586-cygwin\jdk8u151\9699\hotspot\src\share\vm\prims\jni.cpp, line 709]
Event: 0.234 Thread 0x04e7bc00 Exception <a 'java/lang/NoSuchFieldError': method resolution failed> (0x073b9568) thrown at [C:\workspace\8-2-build-windows-i586-cygwin\jdk8u151\9699\hotspot\src\share\vm\prims\methodHandles.cpp, line 1146]
Event: 0.235 Thread 0x04e7bc00 Exception <a 'java/lang/NoSuchFieldError': method resolution failed> (0x073c5ac8) thrown at [C:\workspace\8-2-build-windows-i586-cygwin\jdk8u151\9699\hotspot\src\share\vm\prims\methodHandles.cpp, line 1146]
Event: 0.267 Thread 0x04e7bc00 Exception <a 'java/io/FileNotFoundException'> (0x07545658) thrown at [C:\workspace\8-2-build-windows-i586-cygwin\jdk8u151\9699\hotspot\src\share\vm\prims\jni.cpp, line 709]

Events (10 events):
Event: 3.755 Executing VM operation: GenCollectForAllocation
Event: 3.756 Executing VM operation: GenCollectForAllocation done
Event: 4.055 Executing VM operation: EnableBiasedLocking
Event: 4.055 Executing VM operation: EnableBiasedLocking done
Event: 4.342 Thread 0x1801f800 Thread added: 0x1801f800
Event: 4.342 Thread 0x1801fc00 Thread added: 0x1801fc00
Event: 4.342 Thread 0x1801f800 Thread exited: 0x1801f800
Event: 4.342 Thread 0x17f12c00 Thread exited: 0x17f12c00
Event: 4.342 loading class sun/java2d/pipe/hw/AccelDeviceEventNotifier
Event: 4.342 loading class sun/java2d/pipe/hw/AccelDeviceEventNotifier done


Dynamic libraries:
0x01150000 - 0x01183000 	C:\Program Files (x86)\Java\jre1.8.0_151\bin\javaw.exe
0x76ef0000 - 0x7707d000 	C:\Windows\SYSTEM32\ntdll.dll
0x76bb0000 - 0x76c80000 	C:\Windows\System32\KERNEL32.DLL
0x739e0000 - 0x73bb7000 	C:\Windows\System32\KERNELBASE.dll
0x76b30000 - 0x76ba8000 	C:\Windows\System32\ADVAPI32.dll
0x76950000 - 0x76a0d000 	C:\Windows\System32\msvcrt.dll
0x76a10000 - 0x76a53000 	C:\Windows\System32\sechost.dll
0x73c50000 - 0x73d0e000 	C:\Windows\System32\RPCRT4.dll
0x73910000 - 0x73930000 	C:\Windows\System32\SspiCli.dll
0x73900000 - 0x7390a000 	C:\Windows\System32\CRYPTBASE.dll
0x768d0000 - 0x76927000 	C:\Windows\System32\bcryptPrimitives.dll
0x76750000 - 0x768c5000 	C:\Windows\System32\USER32.dll
0x76b10000 - 0x76b26000 	C:\Windows\System32\win32u.dll
0x73bc0000 - 0x73be2000 	C:\Windows\System32\GDI32.dll
0x74710000 - 0x7486f000 	C:\Windows\System32\gdi32full.dll
0x76160000 - 0x761dc000 	C:\Windows\System32\msvcp_win.dll
0x745c0000 - 0x746d7000 	C:\Windows\System32\ucrtbase.dll
0x6fe00000 - 0x70011000 	C:\Windows\WinSxS\x86_microsoft.windows.common-controls_6595b64144ccf1df_6.0.16299.431_none_5d750ac5a7e1c779\COMCTL32.dll
0x74b70000 - 0x74db6000 	C:\Windows\System32\combase.dll
0x746e0000 - 0x74705000 	C:\Windows\System32\IMM32.DLL
0x622f0000 - 0x623af000 	C:\Program Files (x86)\Java\jre1.8.0_151\bin\msvcr100.dll
0x6e150000 - 0x6e51e000 	C:\Program Files (x86)\Java\jre1.8.0_151\bin\client\jvm.dll
0x739d0000 - 0x739d6000 	C:\Windows\System32\PSAPI.DLL
0x6e140000 - 0x6e148000 	C:\Windows\SYSTEM32\WSOCK32.dll
0x73720000 - 0x73744000 	C:\Windows\SYSTEM32\WINMM.dll
0x73880000 - 0x73888000 	C:\Windows\SYSTEM32\VERSION.dll
0x76e60000 - 0x76ec6000 	C:\Windows\System32\WS2_32.dll
0x73210000 - 0x73233000 	C:\Windows\SYSTEM32\winmmbase.dll
0x743c0000 - 0x743f8000 	C:\Windows\System32\cfgmgr32.dll
0x6c070000 - 0x6c07c000 	C:\Program Files (x86)\Java\jre1.8.0_151\bin\verify.dll
0x6c040000 - 0x6c061000 	C:\Program Files (x86)\Java\jre1.8.0_151\bin\java.dll
0x6bfc0000 - 0x6bfd4000 	C:\Program Files (x86)\Java\jre1.8.0_151\bin\zip.dll
0x74e20000 - 0x76154000 	C:\Windows\System32\SHELL32.dll
0x76a70000 - 0x76af8000 	C:\Windows\System32\shcore.dll
0x73d10000 - 0x742d6000 	C:\Windows\System32\windows.storage.dll
0x74420000 - 0x74465000 	C:\Windows\System32\shlwapi.dll
0x76b00000 - 0x76b0e000 	C:\Windows\System32\kernel.appcore.dll
0x742e0000 - 0x74325000 	C:\Windows\System32\powrprof.dll
0x74400000 - 0x74414000 	C:\Windows\System32\profapi.dll
0x61a90000 - 0x61bd5000 	C:\Program Files (x86)\Java\jre1.8.0_151\bin\awt.dll
0x73930000 - 0x739c3000 	C:\Windows\System32\OLEAUT32.dll
0x6e6c0000 - 0x6e75a000 	C:\Windows\SYSTEM32\apphelp.dll
0x6e550000 - 0x6e573000 	C:\Windows\system32\DWMAPI.DLL
0x70020000 - 0x70099000 	C:\Windows\system32\uxtheme.dll
0x58910000 - 0x589ef000 	C:\Windows\system32\opengl32.dll
0x6ddb0000 - 0x6ddd5000 	C:\Windows\SYSTEM32\GLU32.dll
0x74470000 - 0x745b4000 	C:\Windows\System32\MSCTF.dll
0x76c80000 - 0x76d77000 	C:\Windows\System32\ole32.dll
0x74870000 - 0x749f2000 	C:\Windows\System32\crypt32.dll
0x76930000 - 0x7693e000 	C:\Windows\System32\MSASN1.dll
0x76e10000 - 0x76e56000 	C:\Windows\System32\WINTRUST.DLL
0x76ed0000 - 0x76ee9000 	C:\Windows\System32\imagehlp.dll
0x72a60000 - 0x72a73000 	C:\Windows\SYSTEM32\CRYPTSP.dll
0x72a30000 - 0x72a5f000 	C:\Windows\system32\rsaenh.dll
0x73190000 - 0x731a9000 	C:\Windows\SYSTEM32\bcrypt.dll
0x63ce0000 - 0x63ee3000 	C:\Windows\system32\nvspcap.dll
0x72320000 - 0x72348000 	C:\Windows\SYSTEM32\ntmarta.dll
0x63c10000 - 0x63cdc000 	C:\Program Files (x86)\NVIDIA Corporation\3D Vision\nvSCPAPI.dll
0x761e0000 - 0x76606000 	C:\Windows\System32\SETUPAPI.dll
0x622b0000 - 0x622e9000 	C:\Program Files (x86)\Java\jre1.8.0_151\bin\fontmanager.dll
0x63970000 - 0x639e7000 	C:\Windows\System32\TextInputFramework.dll
0x6b6c0000 - 0x6b8f4000 	C:\Windows\System32\CoreUIComponents.dll
0x6b900000 - 0x6b98c000 	C:\Windows\System32\CoreMessaging.dll
0x6b5f0000 - 0x6b6bb000 	C:\Windows\SYSTEM32\wintypes.dll
0x6bfa0000 - 0x6bfb6000 	C:\Program Files (x86)\Java\jre1.8.0_151\bin\net.dll
0x728d0000 - 0x72925000 	C:\Windows\system32\mswsock.dll
0x652d0000 - 0x652df000 	C:\Program Files (x86)\Java\jre1.8.0_151\bin\nio.dll
0x62270000 - 0x622a2000 	C:\Program Files (x86)\Java\jre1.8.0_151\bin\t2k.dll
0x6d690000 - 0x6d811000 	C:\Windows\SYSTEM32\dbghelp.dll

VM Arguments:
jvm_args: -Dfile.encoding=Cp1252 
java_command: launcher.Main
java_class_path (initial): C:\Users\Janny8\Desktop\Forge Modding\eclipse\Automate\bin
Launcher Type: SUN_STANDARD

Environment Variables:
PATH=C:/Program Files (x86)/Java/jre1.8.0_151/bin/client;C:/Program Files (x86)/Java/jre1.8.0_151/bin;C:/Program Files (x86)/Java/jre1.8.0_151/lib/i386;C:\Program Files (x86)\Common Files\Intel\Shared Libraries\redist\intel64\compiler;C:\ProgramData\Oracle\Java\javapath;C:\Windows\system32;C:\Windows;C:\Windows\System32\Wbem;C:\Windows\System32\WindowsPowerShell\v1.0\;C:\WINDOWS\system32;C:\WINDOWS;C:\WINDOWS\System32\Wbem;C:\WINDOWS\System32\WindowsPowerShell\v1.0\;C:\Program Files (x86)\Skype\Phone\;C:\Program Files (x86)\Windows Live\Shared;C:\Program Files (x86)\GtkSharp\2.12\bin;C:\Python27;C:\Program Files (x86)\NVIDIA Corporation\PhysX\Common;C:\Users\Janny8\AppData\Local\Microsoft\WindowsApps;;C:\Users\Janny8\eclipse\committers-mars\eclipse;
USERNAME=Janny8
OS=Windows_NT
PROCESSOR_IDENTIFIER=Intel64 Family 6 Model 60 Stepping 3, GenuineIntel



---------------  S Y S T E M  ---------------

OS: Windows 10.0 , 64 bit Build 16299 (10.0.16299.431)

CPU:total 8 (initial active 8) (4 cores per cpu, 2 threads per core) family 6 model 60 stepping 3, cmov, cx8, fxsr, mmx, sse, sse2, sse3, ssse3, sse4.1, sse4.2, popcnt, avx, avx2, aes, clmul, erms, lzcnt, ht, tsc, tscinvbit, bmi1, bmi2

Memory: 4k page, physical 16689640k(12926024k free), swap 19180008k(14285116k free)

vm_info: Java HotSpot(TM) Client VM (25.151-b12) for windows-x86 JRE (1.8.0_151-b12), built on Sep  5 2017 19:31:49 by "java_re" with MS VC++ 10.0 (VS2010)

time: Mon May 14 15:15:54 2018
elapsed time: 4 seconds (0d 0h 0m 4s)

