#
# A fatal error has been detected by the Java Runtime Environment:
#
#  EXCEPTION_ACCESS_VIOLATION (0xc0000005) at pc=0x00007ffec9ff80e8, pid=376, tid=0x0000000000002748
#
# JRE version: Java(TM) SE Runtime Environment (8.0_171-b11) (build 1.8.0_171-b11)
# Java VM: Java HotSpot(TM) 64-Bit Server VM (25.171-b11 mixed mode windows-amd64 compressed oops)
# Problematic frame:
# C  [ntdll.dll+0x80e8]
#
# Failed to write core dump. Minidumps are not enabled by default on client versions of Windows
#
# If you would like to submit a bug report, please visit:
#   http://bugreport.java.com/bugreport/crash.jsp
# The crash happened outside the Java Virtual Machine in native code.
# See problematic frame for where to report the bug.
#

---------------  T H R E A D  ---------------

Current thread (0x0000000000b3e000):  JavaThread "main" [_thread_in_native, id=10056, stack(0x0000000002440000,0x0000000002540000)]

siginfo: ExceptionCode=0xc0000005, reading address 0x00007ffebdc11124

Registers:
RAX=0x0000000000002c49, RBX=0x000000000253ec50, RCX=0x000000000000b130, RDX=0x0000000000000ec4
RSP=0x000000000253e630, RBP=0x0000000000000000, RSI=0x00007ffebdc06000, RDI=0x00000000000154c9
R8 =0x00007ffebda80000, R9 =0x0000000000000023, R10=0x0000000000000001, R11=0x00007ffeca15f4e0
R12=0x00007ffebda954c9, R13=0x000000000253f270, R14=0x000000000253e6d8, R15=0x000000000253f570
RIP=0x00007ffec9ff80e8, EFLAGS=0x0000000000010206

Top of Stack: (sp=0x000000000253e630)
0x000000000253e630:   000000000253ec50 0000000000000000
0x000000000253e640:   0000000000000000 000000000253f270
0x000000000253e650:   00007ffebdc06000 00007ffebda80000
0x000000000253e660:   0000b13000197000 000000000253e780
0x000000000253e670:   000000000253ec50 00007ffec9ff69aa
0x000000000253e680:   000000000253e780 000000000253ed80
0x000000000253e690:   00007ffeca1519c0 0000000000000000
0x000000000253e6a0:   0000000029323e00 000000000253ee80
0x000000000253e6b0:   0000000002e91150 000000000253f5a0
0x000000000253e6c0:   0000000002715700 00007ffeca1519c0
0x000000000253e6d0:   0000000000000000 00007ffebda80000
0x000000000253e6e0:   000000000253f570 0000000000000000
0x000000000253e6f0:   0000000000000000 00000000027e1b10
0x000000000253e700:   000000000253f270 0000000000000000
0x000000000253e710:   000000000253ec50 000000000253ed80
0x000000000253e720:   0000000002533000 0000000002540000 

Instructions: (pc=0x00007ffec9ff80e8)
0x00007ffec9ff80c8:   aa 4c 8b 44 24 28 33 ed 48 f7 e1 4d 89 06 48 c1
0x00007ffec9ff80d8:   ea 03 85 d2 74 60 8d 42 ff 49 2b f8 48 8d 04 40
0x00007ffec9ff80e8:   44 8b 1c 86 4c 8d 14 86 49 3b fb 73 35 44 8d 42
0x00007ffec9ff80f8:   fe 44 8b cd 45 85 c0 78 29 43 8d 04 08 d1 f8 48 


Register to memory mapping:

RAX=0x0000000000002c49 is an unknown value
RBX=0x000000000253ec50 is pointing into the stack for thread: 0x0000000000b3e000
RCX=0x000000000000b130 is an unknown value
RDX=0x0000000000000ec4 is an unknown value
RSP=0x000000000253e630 is pointing into the stack for thread: 0x0000000000b3e000
RBP=0x0000000000000000 is an unknown value
RSI=0x00007ffebdc06000 is an unknown value
RDI=0x00000000000154c9 is an unknown value
R8 =0x00007ffebda80000 is an unknown value
R9 =0x0000000000000023 is an unknown value
R10=0x0000000000000001 is an unknown value
R11=0x00007ffeca15f4e0 is an unknown value
R12=0x00007ffebda954c9 is an unknown value
R13=0x000000000253f270 is pointing into the stack for thread: 0x0000000000b3e000
R14=0x000000000253e6d8 is pointing into the stack for thread: 0x0000000000b3e000
R15=0x000000000253f570 is pointing into the stack for thread: 0x0000000000b3e000


Stack: [0x0000000002440000,0x0000000002540000],  sp=0x000000000253e630,  free space=1017k
Native frames: (J=compiled Java code, j=interpreted, Vv=VM code, C=native code)

Java frames: (J=compiled Java code, j=interpreted, Vv=VM code)
J 1681  sun.java2d.d3d.D3DSurfaceData.initOps(III)V (0 bytes) @ 0x0000000002c9e100 [0x0000000002c9e0c0+0x40]
J 2101 C2 display.Frame.render()V (39 bytes) @ 0x0000000002e7a9d4 [0x0000000002e7a440+0x594]
J 1030% C2 launcher.Main.main([Ljava/lang/String;)V (107 bytes) @ 0x0000000002a844ec [0x0000000002a843e0+0x10c]
v  ~StubRoutines::call_stub

---------------  P R O C E S S  ---------------

Java Threads: ( => current thread )
  0x000000001f119000 JavaThread "Thread-0" daemon [_thread_in_native, id=2772, stack(0x000000002a030000,0x000000002a130000)]
  0x000000001f0cb800 JavaThread "AWT-EventQueue-0" [_thread_blocked, id=4648, stack(0x0000000027950000,0x0000000027a50000)]
  0x000000001efee800 JavaThread "AWT-Shutdown" [_thread_blocked, id=4188, stack(0x000000001f8f0000,0x000000001f9f0000)]
  0x000000001efd8800 JavaThread "Java2D Disposer" daemon [_thread_blocked, id=3468, stack(0x000000001f7b0000,0x000000001f8b0000)]
  0x000000001e0e0000 JavaThread "Service Thread" daemon [_thread_blocked, id=6716, stack(0x000000001ec40000,0x000000001ed40000)]
  0x000000001e05f000 JavaThread "C1 CompilerThread3" daemon [_thread_blocked, id=1708, stack(0x000000001eb40000,0x000000001ec40000)]
  0x000000001e057800 JavaThread "C2 CompilerThread2" daemon [_thread_blocked, id=2616, stack(0x000000001ea40000,0x000000001eb40000)]
  0x000000001e04d000 JavaThread "C2 CompilerThread1" daemon [_thread_blocked, id=1788, stack(0x000000001e940000,0x000000001ea40000)]
  0x000000001e04a800 JavaThread "C2 CompilerThread0" daemon [_thread_blocked, id=1604, stack(0x000000001e840000,0x000000001e940000)]
  0x000000001e048000 JavaThread "Attach Listener" daemon [_thread_blocked, id=8032, stack(0x000000001e740000,0x000000001e840000)]
  0x000000001e047000 JavaThread "Signal Dispatcher" daemon [_thread_blocked, id=10036, stack(0x000000001e640000,0x000000001e740000)]
  0x000000001e040800 JavaThread "Finalizer" daemon [_thread_blocked, id=4472, stack(0x000000001e420000,0x000000001e520000)]
  0x00000000026c6000 JavaThread "Reference Handler" daemon [_thread_blocked, id=8556, stack(0x000000001df20000,0x000000001e020000)]
=>0x0000000000b3e000 JavaThread "main" [_thread_in_native, id=10056, stack(0x0000000002440000,0x0000000002540000)]

Other Threads:
  0x000000001c129000 VMThread [stack: 0x000000001de20000,0x000000001df20000] [id=8636]
  0x000000001e109000 WatcherThread [stack: 0x000000001ed40000,0x000000001ee40000] [id=4732]

VM state:not at safepoint (normal execution)

VM Mutex/Monitor currently owned by a thread: None

Heap:
 PSYoungGen      total 139264K, used 59204K [0x000000076b180000, 0x0000000776400000, 0x00000007c0000000)
  eden space 102912K, 56% used [0x000000076b180000,0x000000076ea15928,0x0000000771600000)
  from space 36352K, 3% used [0x0000000774080000,0x00000007741bb830,0x0000000776400000)
  to   space 39936K, 0% used [0x0000000771600000,0x0000000771600000,0x0000000773d00000)
 ParOldGen       total 175104K, used 91771K [0x00000006c1400000, 0x00000006cbf00000, 0x000000076b180000)
  object space 175104K, 52% used [0x00000006c1400000,0x00000006c6d9ed38,0x00000006cbf00000)
 Metaspace       used 10541K, capacity 10758K, committed 11008K, reserved 1058816K
  class space    used 1188K, capacity 1260K, committed 1280K, reserved 1048576K

Card table byte_map: [0x0000000011a90000,0x0000000012290000] byte_map_base: 0x000000000e486000

Marking Bits: (ParMarkBitMap*) 0x000000006fb708c0
 Begin Bits: [0x0000000012fe0000, 0x0000000016f90000)
 End Bits:   [0x0000000016f90000, 0x000000001af40000)

Polling page: 0x0000000000b10000

CodeCache: size=245760Kb used=7136Kb max_used=7908Kb free=238623Kb
 bounds [0x00000000026d0000, 0x0000000002ea0000, 0x00000000116d0000]
 total_blobs=2335 nmethods=1860 adapters=387
 compilation: enabled

Compilation events (10 events):
Event: 121.108 Thread 0x000000001e057800 nmethod 2129 0x0000000002ac4b10 code [0x0000000002ac4c40, 0x0000000002ac4d18]
Event: 129.198 Thread 0x000000001e04a800 2130 %     4       java.util.Hashtable::rehash @ 90 (142 bytes)
Event: 129.200 Thread 0x000000001e04a800 nmethod 2130% 0x00000000028bd490 code [0x00000000028bd5e0, 0x00000000028bd818]
Event: 129.639 Thread 0x000000001e04d000 2131       4       world.Human::goToEdge (96 bytes)
Event: 129.640 Thread 0x000000001e04d000 nmethod 2131 0x000000000289b7d0 code [0x000000000289b940, 0x000000000289ba18]
Event: 131.836 Thread 0x000000001e057800 2132       4       world.Human::chopWood (451 bytes)
Event: 131.851 Thread 0x000000001e057800 nmethod 2132 0x0000000002a22250 code [0x0000000002a22520, 0x0000000002a23720]
Event: 134.491 Thread 0x000000001e04a800 2133       4       sun.java2d.pipe.ShapeSpanIterator::appendPath (50 bytes)
Event: 134.494 Thread 0x000000001e04a800 nmethod 2133 0x0000000002adb850 code [0x0000000002adb9e0, 0x0000000002adbf50]
Event: 138.230 Thread 0x000000001e04d000 2134  s    4       sun.java2d.ScreenUpdateManager::createGraphics (14 bytes)

GC Heap History (10 events):
Event: 44.645 GC heap before
{Heap before GC invocations=8 (full 0):
 PSYoungGen      total 121344K, used 120850K [0x000000076b180000, 0x0000000779d80000, 0x00000007c0000000)
  eden space 119296K, 100% used [0x000000076b180000,0x0000000772600000,0x0000000772600000)
  from space 2048K, 75% used [0x0000000777800000,0x0000000777984820,0x0000000777a00000)
  to   space 36352K, 0% used [0x0000000777a00000,0x0000000777a00000,0x0000000779d80000)
 ParOldGen       total 175104K, used 90629K [0x00000006c1400000, 0x00000006cbf00000, 0x000000076b180000)
  object space 175104K, 51% used [0x00000006c1400000,0x00000006c6c81448,0x00000006cbf00000)
 Metaspace       used 10504K, capacity 10694K, committed 10752K, reserved 1058816K
  class space    used 1186K, capacity 1260K, committed 1280K, reserved 1048576K
Event: 44.647 GC heap after
Heap after GC invocations=8 (full 0):
 PSYoungGen      total 116736K, used 762K [0x000000076b180000, 0x0000000777b00000, 0x00000007c0000000)
  eden space 115712K, 0% used [0x000000076b180000,0x000000076b180000,0x0000000772280000)
  from space 1024K, 74% used [0x0000000777a00000,0x0000000777abe810,0x0000000777b00000)
  to   space 38912K, 0% used [0x0000000772f00000,0x0000000772f00000,0x0000000775500000)
 ParOldGen       total 175104K, used 91347K [0x00000006c1400000, 0x00000006cbf00000, 0x000000076b180000)
  object space 175104K, 52% used [0x00000006c1400000,0x00000006c6d34d28,0x00000006cbf00000)
 Metaspace       used 10504K, capacity 10694K, committed 10752K, reserved 1058816K
  class space    used 1186K, capacity 1260K, committed 1280K, reserved 1048576K
}
Event: 50.960 GC heap before
{Heap before GC invocations=9 (full 0):
 PSYoungGen      total 116736K, used 116474K [0x000000076b180000, 0x0000000777b00000, 0x00000007c0000000)
  eden space 115712K, 100% used [0x000000076b180000,0x0000000772280000,0x0000000772280000)
  from space 1024K, 74% used [0x0000000777a00000,0x0000000777abe810,0x0000000777b00000)
  to   space 38912K, 0% used [0x0000000772f00000,0x0000000772f00000,0x0000000775500000)
 ParOldGen       total 175104K, used 91347K [0x00000006c1400000, 0x00000006cbf00000, 0x000000076b180000)
  object space 175104K, 52% used [0x00000006c1400000,0x00000006c6d34d28,0x00000006cbf00000)
 Metaspace       used 10525K, capacity 10758K, committed 11008K, reserved 1058816K
  class space    used 1187K, capacity 1260K, committed 1280K, reserved 1048576K
Event: 50.962 GC heap after
Heap after GC invocations=9 (full 0):
 PSYoungGen      total 113664K, used 1294K [0x000000076b180000, 0x0000000777a80000, 0x00000007c0000000)
  eden space 112128K, 0% used [0x000000076b180000,0x000000076b180000,0x0000000771f00000)
  from space 1536K, 84% used [0x0000000772f00000,0x0000000773043830,0x0000000773080000)
  to   space 39936K, 0% used [0x0000000775380000,0x0000000775380000,0x0000000777a80000)
 ParOldGen       total 175104K, used 91419K [0x00000006c1400000, 0x00000006cbf00000, 0x000000076b180000)
  object space 175104K, 52% used [0x00000006c1400000,0x00000006c6d46d28,0x00000006cbf00000)
 Metaspace       used 10525K, capacity 10758K, committed 11008K, reserved 1058816K
  class space    used 1187K, capacity 1260K, committed 1280K, reserved 1048576K
}
Event: 77.162 GC heap before
{Heap before GC invocations=10 (full 0):
 PSYoungGen      total 113664K, used 113422K [0x000000076b180000, 0x0000000777a80000, 0x00000007c0000000)
  eden space 112128K, 100% used [0x000000076b180000,0x0000000771f00000,0x0000000771f00000)
  from space 1536K, 84% used [0x0000000772f00000,0x0000000773043830,0x0000000773080000)
  to   space 39936K, 0% used [0x0000000775380000,0x0000000775380000,0x0000000777a80000)
 ParOldGen       total 175104K, used 91419K [0x00000006c1400000, 0x00000006cbf00000, 0x000000076b180000)
  object space 175104K, 52% used [0x00000006c1400000,0x00000006c6d46d28,0x00000006cbf00000)
 Metaspace       used 10536K, capacity 10758K, committed 11008K, reserved 1058816K
  class space    used 1187K, capacity 1260K, committed 1280K, reserved 1048576K
Event: 77.164 GC heap after
Heap after GC invocations=10 (full 0):
 PSYoungGen      total 133120K, used 1598K [0x000000076b180000, 0x0000000776b00000, 0x00000007c0000000)
  eden space 109056K, 0% used [0x000000076b180000,0x000000076b180000,0x0000000771c00000)
  from space 24064K, 6% used [0x0000000775380000,0x000000077550f840,0x0000000776b00000)
  to   space 40448K, 0% used [0x0000000771c00000,0x0000000771c00000,0x0000000774380000)
 ParOldGen       total 175104K, used 91467K [0x00000006c1400000, 0x00000006cbf00000, 0x000000076b180000)
  object space 175104K, 52% used [0x00000006c1400000,0x00000006c6d52d28,0x00000006cbf00000)
 Metaspace       used 10536K, capacity 10758K, committed 11008K, reserved 1058816K
  class space    used 1187K, capacity 1260K, committed 1280K, reserved 1048576K
}
Event: 82.869 GC heap before
{Heap before GC invocations=11 (full 0):
 PSYoungGen      total 133120K, used 110654K [0x000000076b180000, 0x0000000776b00000, 0x00000007c0000000)
  eden space 109056K, 100% used [0x000000076b180000,0x0000000771c00000,0x0000000771c00000)
  from space 24064K, 6% used [0x0000000775380000,0x000000077550f840,0x0000000776b00000)
  to   space 40448K, 0% used [0x0000000771c00000,0x0000000771c00000,0x0000000774380000)
 ParOldGen       total 175104K, used 91467K [0x00000006c1400000, 0x00000006cbf00000, 0x000000076b180000)
  object space 175104K, 52% used [0x00000006c1400000,0x00000006c6d52d28,0x00000006cbf00000)
 Metaspace       used 10536K, capacity 10758K, committed 11008K, reserved 1058816K
  class space    used 1187K, capacity 1260K, committed 1280K, reserved 1048576K
Event: 82.871 GC heap after
Heap after GC invocations=11 (full 0):
 PSYoungGen      total 107520K, used 1198K [0x000000076b180000, 0x0000000776800000, 0x00000007c0000000)
  eden space 105984K, 0% used [0x000000076b180000,0x000000076b180000,0x0000000771900000)
  from space 1536K, 77% used [0x0000000771c00000,0x0000000771d2b830,0x0000000771d80000)
  to   space 40448K, 0% used [0x0000000774080000,0x0000000774080000,0x0000000776800000)
 ParOldGen       total 175104K, used 91747K [0x00000006c1400000, 0x00000006cbf00000, 0x000000076b180000)
  object space 175104K, 52% used [0x00000006c1400000,0x00000006c6d98d38,0x00000006cbf00000)
 Metaspace       used 10536K, capacity 10758K, committed 11008K, reserved 1058816K
  class space    used 1187K, capacity 1260K, committed 1280K, reserved 1048576K
}
Event: 93.246 GC heap before
{Heap before GC invocations=12 (full 0):
 PSYoungGen      total 107520K, used 107182K [0x000000076b180000, 0x0000000776800000, 0x00000007c0000000)
  eden space 105984K, 100% used [0x000000076b180000,0x0000000771900000,0x0000000771900000)
  from space 1536K, 77% used [0x0000000771c00000,0x0000000771d2b830,0x0000000771d80000)
  to   space 40448K, 0% used [0x0000000774080000,0x0000000774080000,0x0000000776800000)
 ParOldGen       total 175104K, used 91747K [0x00000006c1400000, 0x00000006cbf00000, 0x000000076b180000)
  object space 175104K, 52% used [0x00000006c1400000,0x00000006c6d98d38,0x00000006cbf00000)
 Metaspace       used 10537K, capacity 10758K, committed 11008K, reserved 1058816K
  class space    used 1187K, capacity 1260K, committed 1280K, reserved 1048576K
Event: 93.248 GC heap after
Heap after GC invocations=12 (full 0):
 PSYoungGen      total 139264K, used 1262K [0x000000076b180000, 0x0000000776400000, 0x00000007c0000000)
  eden space 102912K, 0% used [0x000000076b180000,0x000000076b180000,0x0000000771600000)
  from space 36352K, 3% used [0x0000000774080000,0x00000007741bb830,0x0000000776400000)
  to   space 39936K, 0% used [0x0000000771600000,0x0000000771600000,0x0000000773d00000)
 ParOldGen       total 175104K, used 91771K [0x00000006c1400000, 0x00000006cbf00000, 0x000000076b180000)
  object space 175104K, 52% used [0x00000006c1400000,0x00000006c6d9ed38,0x00000006cbf00000)
 Metaspace       used 10537K, capacity 10758K, committed 11008K, reserved 1058816K
  class space    used 1187K, capacity 1260K, committed 1280K, reserved 1048576K
}

Deoptimization events (10 events):
Event: 75.376 Thread 0x0000000000b3e000 Uncommon trap: reason=unstable_if action=reinterpret pc=0x0000000002d06724 method=java.lang.StrictMath.floorOrCeil(DDDD)D @ 115
Event: 75.908 Thread 0x000000001f0cb800 Uncommon trap: reason=class_check action=maybe_recompile pc=0x0000000002d6a3a8 method=java.awt.EventQueue.coalesceEvent(Ljava/awt/AWTEvent;I)Z @ 77
Event: 75.916 Thread 0x000000001f0cb800 Uncommon trap: reason=class_check action=maybe_recompile pc=0x0000000002d6a3a8 method=java.awt.EventQueue.coalesceEvent(Ljava/awt/AWTEvent;I)Z @ 77
Event: 75.933 Thread 0x000000001f0cb800 Uncommon trap: reason=class_check action=maybe_recompile pc=0x0000000002d6a3a8 method=java.awt.EventQueue.coalesceEvent(Ljava/awt/AWTEvent;I)Z @ 77
Event: 79.061 Thread 0x000000001f0cb800 Uncommon trap: reason=unstable_if action=reinterpret pc=0x0000000002dcf9a8 method=sun.awt.GlobalCursorManager._updateCursor(Z)V @ 37
Event: 82.669 Thread 0x0000000000b3e000 Uncommon trap: reason=unstable_if action=reinterpret pc=0x0000000002872438 method=world.Cargo.render(Ljava/awt/Graphics;)V @ 63
Event: 106.328 Thread 0x0000000000b3e000 Uncommon trap: reason=unstable_if action=reinterpret pc=0x0000000002e1efb0 method=sun.java2d.pipe.SpanShapeRenderer.renderSpans(Lsun/java2d/SunGraphics2D;Lsun/java2d/pipe/Region;Ljava/awt/Shape;Lsun/java2d/pipe/ShapeSpanIterator;)V @ 64
Event: 108.506 Thread 0x0000000000b3e000 Uncommon trap: reason=unstable_if action=reinterpret pc=0x0000000002e6344c method=sun.java2d.pipe.DrawImage.renderImageXform(Lsun/java2d/SunGraphics2D;Ljava/awt/Image;Ljava/awt/geom/AffineTransform;IIIIILjava/awt/Color;)V @ 240
Event: 138.221 Thread 0x000000001f0cb800 Uncommon trap: reason=class_check action=maybe_recompile pc=0x0000000002da39a4 method=java.awt.EventQueue.setCurrentEventAndMostRecentTimeImpl(Ljava/awt/AWTEvent;)V @ 128
Event: 138.230 Thread 0x0000000000b3e000 Uncommon trap: reason=unstable_if action=reinterpret pc=0x0000000002e9214c method=sun.java2d.d3d.D3DScreenUpdateManager.createGraphics(Lsun/java2d/SurfaceData;Lsun/awt/windows/WComponentPeer;Ljava/awt/Color;Ljava/awt/Color;Ljava/awt/Font;)Ljava/awt/Graphi

Classes redefined (0 events):
No events

Internal exceptions (10 events):
Event: 0.188 Thread 0x0000000000b3e000 Exception <a 'java/security/PrivilegedActionException'> (0x000000076c289e78) thrown at [C:\re\workspace\8-2-build-windows-amd64-cygwin\jdk8u171\10807\hotspot\src\share\vm\prims\jvm.cpp, line 1435]
Event: 0.189 Thread 0x0000000000b3e000 Exception <a 'java/security/PrivilegedActionException'> (0x000000076c28dcd0) thrown at [C:\re\workspace\8-2-build-windows-amd64-cygwin\jdk8u171\10807\hotspot\src\share\vm\prims\jvm.cpp, line 1435]
Event: 0.189 Thread 0x0000000000b3e000 Exception <a 'java/security/PrivilegedActionException'> (0x000000076c28e0c8) thrown at [C:\re\workspace\8-2-build-windows-amd64-cygwin\jdk8u171\10807\hotspot\src\share\vm\prims\jvm.cpp, line 1435]
Event: 0.190 Thread 0x0000000000b3e000 Exception <a 'java/io/FileNotFoundException'> (0x000000076c290560) thrown at [C:\re\workspace\8-2-build-windows-amd64-cygwin\jdk8u171\10807\hotspot\src\share\vm\prims\jni.cpp, line 709]
Event: 0.213 Thread 0x0000000000b3e000 Exception <a 'java/lang/NoSuchFieldError': method resolution failed> (0x000000076c360cf8) thrown at [C:\re\workspace\8-2-build-windows-amd64-cygwin\jdk8u171\10807\hotspot\src\share\vm\prims\methodHandles.cpp, line 1167]
Event: 0.214 Thread 0x0000000000b3e000 Exception <a 'java/lang/NoSuchFieldError': method resolution failed> (0x000000076c36e498) thrown at [C:\re\workspace\8-2-build-windows-amd64-cygwin\jdk8u171\10807\hotspot\src\share\vm\prims\methodHandles.cpp, line 1167]
Event: 0.255 Thread 0x0000000000b3e000 Exception <a 'java/io/FileNotFoundException'> (0x000000076c505db8) thrown at [C:\re\workspace\8-2-build-windows-amd64-cygwin\jdk8u171\10807\hotspot\src\share\vm\prims\jni.cpp, line 709]
Event: 2.462 Thread 0x0000000000b3e000 Implicit null exception at 0x0000000002a3b797 to 0x0000000002a3b9cd
Event: 8.714 Thread 0x0000000000b3e000 Implicit null exception at 0x0000000002cca8bb to 0x0000000002ccc679
Event: 79.061 Thread 0x000000001f0cb800 Implicit null exception at 0x0000000002dce29c to 0x0000000002dcf999

Events (10 events):
Event: 138.221 Thread 0x000000001f0cb800 DEOPT UNPACKING pc=0x000000000271583b sp=0x0000000027a4d4b8 mode 2
Event: 138.221 Thread 0x000000001f1c9000 Thread added: 0x000000001f1c9000
Event: 138.221 Thread 0x000000001f119000 Thread added: 0x000000001f119000
Event: 138.221 Thread 0x000000001f1c9000 Thread exited: 0x000000001f1c9000
Event: 138.221 Thread 0x000000001f0cc000 Thread exited: 0x000000001f0cc000
Event: 138.221 loading class sun/java2d/pipe/hw/AccelDeviceEventNotifier
Event: 138.222 loading class sun/java2d/pipe/hw/AccelDeviceEventNotifier done
Event: 138.230 Thread 0x0000000000b3e000 Uncommon trap: trap_request=0xffffff65 fr.pc=0x0000000002e9214c
Event: 138.230 Thread 0x0000000000b3e000 DEOPT PACKING pc=0x0000000002e9214c sp=0x000000000253f5d0
Event: 138.230 Thread 0x0000000000b3e000 DEOPT UNPACKING pc=0x000000000271583b sp=0x000000000253f500 mode 2


Dynamic libraries:
0x00007ff790690000 - 0x00007ff7906c7000 	C:\Program Files\Java\jre1.8.0_171\bin\javaw.exe
0x00007ffec9ff0000 - 0x00007ffeca1d1000 	C:\WINDOWS\SYSTEM32\ntdll.dll
0x00007ffec8d30000 - 0x00007ffec8de2000 	C:\WINDOWS\System32\KERNEL32.DLL
0x00007ffec6540000 - 0x00007ffec67b3000 	C:\WINDOWS\System32\KERNELBASE.dll
0x00007ffec7490000 - 0x00007ffec7531000 	C:\WINDOWS\System32\ADVAPI32.dll
0x00007ffec9f20000 - 0x00007ffec9fbe000 	C:\WINDOWS\System32\msvcrt.dll
0x00007ffec91b0000 - 0x00007ffec920b000 	C:\WINDOWS\System32\sechost.dll
0x00007ffec9390000 - 0x00007ffec94b4000 	C:\WINDOWS\System32\RPCRT4.dll
0x00007ffec8ed0000 - 0x00007ffec9060000 	C:\WINDOWS\System32\USER32.dll
0x00007ffec6ba0000 - 0x00007ffec6bc0000 	C:\WINDOWS\System32\win32u.dll
0x00007ffec8d00000 - 0x00007ffec8d28000 	C:\WINDOWS\System32\GDI32.dll
0x00007ffec67c0000 - 0x00007ffec6952000 	C:\WINDOWS\System32\gdi32full.dll
0x00007ffec63c0000 - 0x00007ffec645f000 	C:\WINDOWS\System32\msvcp_win.dll
0x00007ffec6c70000 - 0x00007ffec6d6a000 	C:\WINDOWS\System32\ucrtbase.dll
0x00007ffebc3e0000 - 0x00007ffebc649000 	C:\WINDOWS\WinSxS\amd64_microsoft.windows.common-controls_6595b64144ccf1df_6.0.17134.112_none_fb3f961b30681c12\COMCTL32.dll
0x00007ffec9a50000 - 0x00007ffec9d73000 	C:\WINDOWS\System32\combase.dll
0x00007ffec64c0000 - 0x00007ffec653a000 	C:\WINDOWS\System32\bcryptPrimitives.dll
0x00007ffec9170000 - 0x00007ffec919d000 	C:\WINDOWS\System32\IMM32.DLL
0x000000006ebe0000 - 0x000000006ecb2000 	C:\Program Files\Java\jre1.8.0_171\bin\msvcr100.dll
0x000000006f350000 - 0x000000006fbf0000 	C:\Program Files\Java\jre1.8.0_171\bin\server\jvm.dll
0x00007ffec7480000 - 0x00007ffec7488000 	C:\WINDOWS\System32\PSAPI.DLL
0x00007ffec25e0000 - 0x00007ffec25e9000 	C:\WINDOWS\SYSTEM32\WSOCK32.dll
0x00007ffec2c80000 - 0x00007ffec2ca3000 	C:\WINDOWS\SYSTEM32\WINMM.dll
0x00007ffec2010000 - 0x00007ffec201a000 	C:\WINDOWS\SYSTEM32\VERSION.dll
0x00007ffec77a0000 - 0x00007ffec780c000 	C:\WINDOWS\System32\WS2_32.dll
0x00007ffec2c50000 - 0x00007ffec2c7a000 	C:\WINDOWS\SYSTEM32\winmmbase.dll
0x00007ffec6b50000 - 0x00007ffec6b99000 	C:\WINDOWS\System32\cfgmgr32.dll
0x000000006f340000 - 0x000000006f34f000 	C:\Program Files\Java\jre1.8.0_171\bin\verify.dll
0x000000006f310000 - 0x000000006f339000 	C:\Program Files\Java\jre1.8.0_171\bin\java.dll
0x000000006f2f0000 - 0x000000006f306000 	C:\Program Files\Java\jre1.8.0_171\bin\zip.dll
0x00007ffec78c0000 - 0x00007ffec8d00000 	C:\WINDOWS\System32\SHELL32.dll
0x00007ffec7810000 - 0x00007ffec78b9000 	C:\WINDOWS\System32\shcore.dll
0x00007ffec6d70000 - 0x00007ffec747d000 	C:\WINDOWS\System32\windows.storage.dll
0x00007ffec75e0000 - 0x00007ffec7631000 	C:\WINDOWS\System32\shlwapi.dll
0x00007ffec63a0000 - 0x00007ffec63b1000 	C:\WINDOWS\System32\kernel.appcore.dll
0x00007ffec6380000 - 0x00007ffec639f000 	C:\WINDOWS\System32\profapi.dll
0x00007ffec6330000 - 0x00007ffec637c000 	C:\WINDOWS\System32\powrprof.dll
0x00007ffec6320000 - 0x00007ffec632a000 	C:\WINDOWS\System32\FLTLIB.DLL
0x000000006ede0000 - 0x000000006ef78000 	C:\Program Files\Java\jre1.8.0_171\bin\awt.dll
0x00007ffec94c0000 - 0x00007ffec9582000 	C:\WINDOWS\System32\OLEAUT32.dll
0x00007ffec4640000 - 0x00007ffec46cb000 	C:\WINDOWS\SYSTEM32\apphelp.dll
0x00007ffec4a50000 - 0x00007ffec4a79000 	C:\WINDOWS\system32\DWMAPI.DLL
0x00007ffec4770000 - 0x00007ffec4808000 	C:\WINDOWS\system32\uxtheme.dll
0x00007ffea83d0000 - 0x00007ffea84f0000 	C:\WINDOWS\system32\opengl32.dll
0x00007ffec3ef0000 - 0x00007ffec3f1c000 	C:\WINDOWS\SYSTEM32\GLU32.dll
0x00007ffec9210000 - 0x00007ffec9385000 	C:\WINDOWS\System32\MSCTF.dll
0x00007ffec7640000 - 0x00007ffec7791000 	C:\WINDOWS\System32\ole32.dll
0x00007ffec6960000 - 0x00007ffec6b42000 	C:\WINDOWS\System32\crypt32.dll
0x00007ffec6300000 - 0x00007ffec6312000 	C:\WINDOWS\System32\MSASN1.dll
0x00007ffec6460000 - 0x00007ffec64b7000 	C:\WINDOWS\System32\WINTRUST.DLL
0x00007ffec9150000 - 0x00007ffec916d000 	C:\WINDOWS\System32\imagehlp.dll
0x00007ffec5cc0000 - 0x00007ffec5cd7000 	C:\WINDOWS\SYSTEM32\CRYPTSP.dll
0x00007ffec5720000 - 0x00007ffec5753000 	C:\WINDOWS\system32\rsaenh.dll
0x00007ffec5e60000 - 0x00007ffec5e85000 	C:\WINDOWS\SYSTEM32\bcrypt.dll
0x00007ffec5ce0000 - 0x00007ffec5ceb000 	C:\WINDOWS\SYSTEM32\CRYPTBASE.dll
0x00007ffebd3e0000 - 0x00007ffebd4a2000 	C:\Program Files (x86)\NVIDIA Corporation\3D Vision\nvSCPAPI64.dll
0x00007ffec9600000 - 0x00007ffec9a4b000 	C:\WINDOWS\System32\SETUPAPI.dll
0x00007ffe9dbf0000 - 0x00007ffe9de5a000 	C:\WINDOWS\system32\nvspcap64.dll
0x00007ffec53b0000 - 0x00007ffec53e1000 	C:\WINDOWS\SYSTEM32\ntmarta.dll
0x00007ffec5000000 - 0x00007ffec5022000 	C:\WINDOWS\SYSTEM32\gpapi.dll
0x00007ffec13e0000 - 0x00007ffec140e000 	C:\WINDOWS\SYSTEM32\cryptnet.dll
0x000000006ed90000 - 0x000000006edd7000 	C:\Program Files\Java\jre1.8.0_171\bin\fontmanager.dll
0x00007ffeb91f0000 - 0x00007ffeb9288000 	C:\WINDOWS\System32\TextInputFramework.dll
0x00007ffec1520000 - 0x00007ffec183e000 	C:\WINDOWS\System32\CoreUIComponents.dll
0x00007ffec4440000 - 0x00007ffec451a000 	C:\WINDOWS\System32\CoreMessaging.dll
0x00007ffec2030000 - 0x00007ffec217d000 	C:\WINDOWS\SYSTEM32\wintypes.dll
0x000000006f2d0000 - 0x000000006f2ea000 	C:\Program Files\Java\jre1.8.0_171\bin\net.dll
0x00007ffec5b40000 - 0x00007ffec5ba6000 	C:\WINDOWS\system32\mswsock.dll
0x000000006f2b0000 - 0x000000006f2c1000 	C:\Program Files\Java\jre1.8.0_171\bin\nio.dll
0x000000006ed40000 - 0x000000006ed82000 	C:\Program Files\Java\jre1.8.0_171\bin\t2k.dll
0x000000006ed10000 - 0x000000006ed3a000 	C:\Program Files\Java\jre1.8.0_171\bin\dcpr.dll
0x00007ffeb0f10000 - 0x00007ffeb10d9000 	C:\WINDOWS\SYSTEM32\dbghelp.dll

VM Arguments:
jvm_args: -Dfile.encoding=Cp1252 
java_command: launcher.Main
java_class_path (initial): C:\Program Files\Java\jre1.8.0_171\lib\resources.jar;C:\Program Files\Java\jre1.8.0_171\lib\rt.jar;C:\Program Files\Java\jre1.8.0_171\lib\jsse.jar;C:\Program Files\Java\jre1.8.0_171\lib\jce.jar;C:\Program Files\Java\jre1.8.0_171\lib\charsets.jar;C:\Program Files\Java\jre1.8.0_171\lib\jfr.jar;C:\Program Files\Java\jre1.8.0_171\lib\ext\access-bridge-64.jar;C:\Program Files\Java\jre1.8.0_171\lib\ext\cldrdata.jar;C:\Program Files\Java\jre1.8.0_171\lib\ext\dnsns.jar;C:\Program Files\Java\jre1.8.0_171\lib\ext\jaccess.jar;C:\Program Files\Java\jre1.8.0_171\lib\ext\jfxrt.jar;C:\Program Files\Java\jre1.8.0_171\lib\ext\localedata.jar;C:\Program Files\Java\jre1.8.0_171\lib\ext\nashorn.jar;C:\Program Files\Java\jre1.8.0_171\lib\ext\sunec.jar;C:\Program Files\Java\jre1.8.0_171\lib\ext\sunjce_provider.jar;C:\Program Files\Java\jre1.8.0_171\lib\ext\sunmscapi.jar;C:\Program Files\Java\jre1.8.0_171\lib\ext\sunpkcs11.jar;C:\Program Files\Java\jre1.8.0_171\lib\ext\zipfs.jar;C:\Users\Janny8\Desktop\Forge Modding\eclipse\Automate\bin
Launcher Type: SUN_STANDARD

Environment Variables:
PATH=C:/Program Files/Java/jre1.8.0_171/bin/server;C:/Program Files/Java/jre1.8.0_171/bin;C:/Program Files/Java/jre1.8.0_171/lib/amd64;C:\Program Files (x86)\Common Files\Oracle\Java\javapath;C:\Program Files (x86)\Common Files\Intel\Shared Libraries\redist\intel64\compiler;C:\ProgramData\Oracle\Java\javapath;C:\Windows\system32;C:\Windows;C:\Windows\System32\Wbem;C:\Windows\System32\WindowsPowerShell\v1.0\;C:\WINDOWS\system32;C:\WINDOWS;C:\WINDOWS\System32\Wbem;C:\WINDOWS\System32\WindowsPowerShell\v1.0\;C:\Program Files (x86)\Skype\Phone\;C:\Program Files (x86)\Windows Live\Shared;C:\Program Files (x86)\GtkSharp\2.12\bin;C:\Python27;C:\Program Files (x86)\NVIDIA Corporation\PhysX\Common;C:\WINDOWS\system32;C:\WINDOWS;C:\WINDOWS\System32\Wbem;C:\WINDOWS\System32\WindowsPowerShell\v1.0\;C:\WINDOWS\System32\OpenSSH\;C:\Users\Janny8\AppData\Local\Microsoft\WindowsApps;;C:\WINDOWS\system32;
USERNAME=Janny8
OS=Windows_NT
PROCESSOR_IDENTIFIER=Intel64 Family 6 Model 60 Stepping 3, GenuineIntel



---------------  S Y S T E M  ---------------

OS: Windows 10.0 , 64 bit Build 17134 (10.0.17134.1)

CPU:total 8 (initial active 8) (4 cores per cpu, 2 threads per core) family 6 model 60 stepping 3, cmov, cx8, fxsr, mmx, sse, sse2, sse3, ssse3, sse4.1, sse4.2, popcnt, avx, avx2, aes, clmul, erms, lzcnt, ht, tsc, tscinvbit, bmi1, bmi2

Memory: 4k page, physical 16689644k(12491432k free), swap 32942572k(27599464k free)

vm_info: Java HotSpot(TM) 64-Bit Server VM (25.171-b11) for windows-amd64 JRE (1.8.0_171-b11), built on Mar 28 2018 16:06:12 by "java_re" with MS VC++ 10.0 (VS2010)

time: Fri Jun 29 16:22:04 2018
elapsed time: 138 seconds (0d 0h 2m 18s)

